
R : Copyright 2003, The R Foundation for Statistical Computing
Version 1.8.1  (2003-11-21), ISBN 3-900051-00-3

R is free software and comes with ABSOLUTELY NO WARRANTY.
You are welcome to redistribute it under certain conditions.
Type 'license()' or 'licence()' for distribution details.

R is a collaborative project with many contributors.
Type 'contributors()' for more information and
'citation()' on how to cite R in publications.

Type 'demo()' for some demos, 'help()' for on-line help, or
'help.start()' for a HTML browser interface to help.
Type 'q()' to quit R.

> source("CoCo.R")
> source("Reinis.r")
> source("Byssinosis38.r")
Loading required package: CoCo 
Loading required package: tcltk 
Loading required package: dynamicGraph 
For documentation see, Badsberg, J.H.: A guide to CoCo,                
JSS, 2001 ( http://www.jstatsoft.org/v06/i04/ )                        
and Badsberg, J.H.: Xlisp+CoCo, Aalborg, 1996.                         
The manual pages of CoCo in R will currently only give you             
the form of arguments of the functions. The seven calls                
''                                                                     
      data(Reinis);                                                    
      fullModel <- makeModel(enterModel("*", object = Reinis));        
      fullGraph <- dynamic.Graph(fullModel);                           
      backward(recursive = TRUE, object = Reinis);                     
      eh(object = Reinis);                                             
      lastModel <- makeModel("last")                                   
      backwardGraph <- dynamic.Graph(lastModel);                       
''                                                                     
will give you a small example.                                         
Please quit by 'quitCoCo()' to remove temporary files.                 


Attaching package 'CoCo':


	The following object(s) are masked _by_ .GlobalEnv :

	 makeCoCo 

Loading required package: CoCoOldData 

 CoCo     -     A program for estimation, test and model search
 in very large `Co'mplete and `InCo'mplete `Co'ntingency tables.
 1.5.R2.139  Fredag 14 Marts 2003, 11:30:48 MET   
 Compiled with cc, a C compiler for ...           
 Copyright (c) 1991, by Jens Henrik Badsberg      
 Licensed to ...                                  



 144 cells with  5419 cases read.
 Finding all marginals.
[1] "[:byssinosis:dust:race:sex:smoking:employment]"
[1] 2 3 2 2 2 3
[1] 144
Setting slot-value  .specification  of ' Byssinosis38Object '.
Setting slot-value  .specification  of ' .current.coco '.
[1] "table"
[1] 144
[1] 2 3 2 2 2 3
[1] ":byssinosis" ":dust"       ":race"       ":sex"        ":smoking"   
[6] ":employment"
[1] 2 3 2 2 2 3
[1] ":byssinosis" ":dust"       ":race"       ":sex"        ":smoking"   
[6] ":employment"
[1] 2 3 2 2 2 3
[1] ":byssinosis" ":dust"       ":race"       ":sex"        ":smoking"   
[6] ":employment"
$":byssinosis"
[1] "1" "2"

$":dust"
[1] "1" "2" "3"

$":race"
[1] "1" "2"

$":sex"
[1] "1" "2"

$":smoking"
[1] "1" "2"

$":employment"
[1] "1" "2" "3"

Setting slot-value  .observations  of ' Byssinosis38Object '.
Setting slot-value  .observations  of ' .current.coco '.
[1] 144
[1] 2 3 2 2 2 3
[1] ":byssinosis" ":dust"       ":race"       ":sex"        ":smoking"   
[6] ":employment"
[1] 2 3 2 2 2 3
[1] ":byssinosis" ":dust"       ":race"       ":sex"        ":smoking"   
[6] ":employment"
[1] 2 3 2 2 2 3
[1] ":byssinosis" ":dust"       ":race"       ":sex"        ":smoking"   
[6] ":employment"
$":byssinosis"
[1] "1" "2"

$":dust"
[1] "1" "2" "3"

$":race"
[1] "1" "2"

$":sex"
[1] "1" "2"

$":smoking"
[1] "1" "2"

$":employment"
[1] "1" "2" "3"

Warning, ended CoCo-objects: Byssinosis38Object .current.coco 
> source("Dawid79.r")

 CoCo     -     A program for estimation, test and model search
 in very large `Co'mplete and `InCo'mplete `Co'ntingency tables.
 1.5.R2.139  Fredag 14 Marts 2003, 11:30:48 MET   
 Compiled with cc, a C compiler for ...           
 Copyright (c) 1991, by Jens Henrik Badsberg      
 Licensed to ...                                  



   45 cases read.

[1] "[vwabc2345x]"
 [1] 5 9 4 4 4 4 4 4 4 5
[1] 3686400
Setting slot-value  .specification  of ' .current.coco '.
Setting slot-value  .specification  of ' David79Object '.
[1] "sparse.table"
[1] 1
Setting slot-value  .observations  of ' .current.coco '.
Setting slot-value  .observations  of ' David79Object '.
[1] 1
Warning, ended CoCo-objects: .current.coco David79Object 
> source("Fever.r")

 CoCo     -     A program for estimation, test and model search
 in very large `Co'mplete and `InCo'mplete `Co'ntingency tables.
 1.5.R2.139  Fredag 14 Marts 2003, 11:30:48 MET   
 Compiled with cc, a C compiler for ...           
 Copyright (c) 1991, by Jens Henrik Badsberg      
 Licensed to ...                                  



  64 cells with   711 cases read.
 Finding all marginals.
[1] "[RNHIL]"
[1] 2 2 2 2 4
[1] 64
Setting slot-value  .specification  of ' .current.coco '.
Setting slot-value  .specification  of ' FeverObject '.
[1] "table"
[1] 64
[1] 2 2 2 2 4
[1] "R" "N" "H" "I" "L"
[1] 2 2 2 2 4
[1] "R" "N" "H" "I" "L"
[1] 2 2 2 2 4
[1] "R" "N" "H" "I" "L"
$R
[1] "1" "2"

$N
[1] "1" "2"

$H
[1] "1" "2"

$I
[1] "1" "2"

$L
[1] "1" "2" "3" "4"

Setting slot-value  .observations  of ' .current.coco '.
Setting slot-value  .observations  of ' FeverObject '.
[1] 64
[1] 2 2 2 2 4
[1] "R" "N" "H" "I" "L"
[1] 2 2 2 2 4
[1] "R" "N" "H" "I" "L"
[1] 2 2 2 2 4
[1] "R" "N" "H" "I" "L"
$R
[1] "1" "2"

$N
[1] "1" "2"

$H
[1] "1" "2"

$I
[1] "1" "2"

$L
[1] "1" "2" "3" "4"

Warning, ended CoCo-objects: .current.coco FeverObject 
> source("Fuchs82.r")

 CoCo     -     A program for estimation, test and model search
 in very large `Co'mplete and `InCo'mplete `Co'ntingency tables.
 1.5.R2.139  Fredag 14 Marts 2003, 11:30:48 MET   
 Compiled with cc, a C compiler for ...           
 Copyright (c) 1991, by Jens Henrik Badsberg      
 Licensed to ...                                  



 144 cells with   164 cases read.
 Finding all marginals.
[1] "[gasdpm]"
[1] 2 2 2 2 3 3
[1] 144
Setting slot-value  .specification  of ' .current.coco '.
Setting slot-value  .specification  of ' Fuchs82Object '.
[1] "table"
[1] 144
[1] 2 2 2 2 3 3
[1] "g" "a" "s" "d" "p" "m"
[1] 2 2 2 2 3 3
[1] "g" "a" "s" "d" "p" "m"
[1] 2 2 2 2 3 3
[1] "g" "a" "s" "d" "p" "m"
$g
[1] "1" "2"

$a
[1] "1" "2"

$s
[1] "1" "2"

$d
[1] "1" "2"

$p
[1] "1" "2" "3"

$m
[1] "1" "2" "3"

Setting slot-value  .observations  of ' .current.coco '.
Setting slot-value  .observations  of ' Fuchs82Object '.
[1] 144
[1] 2 2 2 2 3 3
[1] "g" "a" "s" "d" "p" "m"
[1] 2 2 2 2 3 3
[1] "g" "a" "s" "d" "p" "m"
[1] 2 2 2 2 3 3
[1] "g" "a" "s" "d" "p" "m"
$g
[1] "1" "2"

$a
[1] "1" "2"

$s
[1] "1" "2"

$d
[1] "1" "2"

$p
[1] "1" "2" "3"

$m
[1] "1" "2" "3"

Warning, ended CoCo-objects: .current.coco Fuchs82Object 
> source("Hochberg77.r")

 CoCo     -     A program for estimation, test and model search
 in very large `Co'mplete and `InCo'mplete `Co'ntingency tables.
 1.5.R2.139  Fredag 14 Marts 2003, 11:30:48 MET   
 Compiled with cc, a C compiler for ...           
 Copyright (c) 1991, by Jens Henrik Badsberg      
 Licensed to ...                                  



 144 cells with 81880 cases read.
 Finding all marginals.
[1] "[abcdef]"
[1] 3 3 2 2 2 2
[1] 144
Setting slot-value  .specification  of ' .current.coco '.
Setting slot-value  .specification  of ' Hochberg77Object '.
[1] "table"
[1] 144
[1] 3 3 2 2 2 2
[1] "a" "b" "c" "d" "e" "f"
[1] 3 3 2 2 2 2
[1] "a" "b" "c" "d" "e" "f"
[1] 3 3 2 2 2 2
[1] "a" "b" "c" "d" "e" "f"
$a
[1] "1" "2" "3"

$b
[1] "1" "2" "3"

$c
[1] "1" "2"

$d
[1] "1" "2"

$e
[1] "1" "2"

$f
[1] "1" "2"

Setting slot-value  .observations  of ' .current.coco '.
Setting slot-value  .observations  of ' Hochberg77Object '.
[1] 144
[1] 3 3 2 2 2 2
[1] "a" "b" "c" "d" "e" "f"
[1] 3 3 2 2 2 2
[1] "a" "b" "c" "d" "e" "f"
[1] 3 3 2 2 2 2
[1] "a" "b" "c" "d" "e" "f"
$a
[1] "1" "2" "3"

$b
[1] "1" "2" "3"

$c
[1] "1" "2"

$d
[1] "1" "2"

$e
[1] "1" "2"

$f
[1] "1" "2"

Warning, ended CoCo-objects: .current.coco Hochberg77Object 
> source("Scrotal.r")

 CoCo     -     A program for estimation, test and model search
 in very large `Co'mplete and `InCo'mplete `Co'ntingency tables.
 1.5.R2.139  Fredag 14 Marts 2003, 11:30:48 MET   
 Compiled with cc, a C compiler for ...           
 Copyright (c) 1991, by Jens Henrik Badsberg      
 Licensed to ...                                  



  299 cases read.

 Time(NECESSARY):        0.000secs.
 Time(FILE):         1.600E-02secs.
[1] "[HABCDEFG]"
[1] 2 2 2 2 2 2 2 2
[1] 256
Setting slot-value  .specification  of ' .current.coco '.
Setting slot-value  .specification  of ' Scrotal94Object '.
[1] "table"
[1] 256
[1] 2 2 2 2 2 2 2 2
[1] "H" "A" "B" "C" "D" "E" "F" "G"
[1] 2 2 2 2 2 2 2 2
[1] "H" "A" "B" "C" "D" "E" "F" "G"
[1] 2 2 2 2 2 2 2 2
[1] "H" "A" "B" "C" "D" "E" "F" "G"
$H
[1] "1" "2"

$A
[1] "1" "2"

$B
[1] "1" "2"

$C
[1] "1" "2"

$D
[1] "1" "2"

$E
[1] "1" "2"

$F
[1] "1" "2"

$G
[1] "1" "2"

Setting slot-value  .observations  of ' .current.coco '.
Setting slot-value  .observations  of ' Scrotal94Object '.
[1] 256
[1] 2 2 2 2 2 2 2 2
[1] "H" "A" "B" "C" "D" "E" "F" "G"
[1] 2 2 2 2 2 2 2 2
[1] "H" "A" "B" "C" "D" "E" "F" "G"
[1] 2 2 2 2 2 2 2 2
[1] "H" "A" "B" "C" "D" "E" "F" "G"
$H
[1] "1" "2"

$A
[1] "1" "2"

$B
[1] "1" "2"

$C
[1] "1" "2"

$D
[1] "1" "2"

$E
[1] "1" "2"

$F
[1] "1" "2"

$G
[1] "1" "2"

Warning, ended CoCo-objects: .current.coco Scrotal94Object 
> source("UterineCervix411.r")

 CoCo     -     A program for estimation, test and model search
 in very large `Co'mplete and `InCo'mplete `Co'ntingency tables.
 1.5.R2.139  Fredag 14 Marts 2003, 11:30:48 MET   
 Compiled with cc, a C compiler for ...           
 Copyright (c) 1991, by Jens Henrik Badsberg      
 Licensed to ...                                  



  119 cases read.

[1] "[abcdefg@]"
[1] 5 5 5 5 5 5 5 6
[1] 468750
Setting slot-value  .specification  of ' .current.coco '.
Setting slot-value  .specification  of ' UterineCervix411Object '.
[1] "sparse.table"
[1] 1
Setting slot-value  .observations  of ' .current.coco '.
Setting slot-value  .observations  of ' UterineCervix411Object '.
[1] 468750
[1] 5 5 5 5 5 5 5 6
[1] "a" "b" "c" "d" "e" "f" "g" "@"
[1] 5 5 5 5 5 5 5 6
[1] "a" "b" "c" "d" "e" "f" "g" "@"
[1] 5 5 5 5 5 5 5 6
[1] "a" "b" "c" "d" "e" "f" "g" "@"
$a
[1] "1" "2" "3" "4" "5"

$b
[1] "1" "2" "3" "4" "5"

$c
[1] "1" "2" "3" "4" "5"

$d
[1] "1" "2" "3" "4" "5"

$e
[1] "1" "2" "3" "4" "5"

$f
[1] "1" "2" "3" "4" "5"

$g
[1] "1" "2" "3" "4" "5"

$"@"
[1] "1" "2" "3" "4" "5" "6"

Warning, ended CoCo-objects: .current.coco UterineCervix411Object 
> package.skeleton("CoCo", list = ls(all.names = TRUE))
Creating directories ...
Creating DESCRIPTION ...
Creating READMEs ...
Saving functions and data ...
Making help files ...
Done.
Further steps are described in ./CoCo/README 
> # Byssinosis38@.title
> # David79@.title
> # Fever@.title
> # Fuchs82@.title
> # Hochberg@.title
> # Reinis@.title
> # Scrotal@.title
> # UterineCervix411@.title
> quitCoCo()
